App/adroid/app/build/intermediates/manifest_merge_blame_file/release/manifest-merger-blame-release-report.txt
1<?xml version="1.0" encoding="utf-8"?>
2<manifest xmlns:android="http://schemas.android.com/apk/res/android"
3    package="com.jetcheck"
4    android:versionCode="1"
5    android:versionName="1.0" >
6
7    <uses-sdk
8        android:minSdkVersion="23"
9        android:targetSdkVersion="34" />
10
11    <uses-permission android:name="android.permission.INTERNET" />
11-->src\main\AndroidManifest.xml:3:5-67
11-->src\main\AndroidManifest.xml:3:22-64
12
13    <permission
13-->[androidx.core:core:1.9.0] AndroidManifest.xml:22:5-24:47
14        android:name="com.jetcheck.DYNAMIC_RECEIVER_NOT_EXPORTED_PERMISSION"
14-->[androidx.core:core:1.9.0] AndroidManifest.xml:23:9-81
15        android:protectionLevel="signature" />
15-->[androidx.core:core:1.9.0] AndroidManifest.xml:24:9-44
16
17    <uses-permission android:name="com.jetcheck.DYNAMIC_RECEIVER_NOT_EXPORTED_PERMISSION" />
17-->[androidx.core:core:1.9.0] AndroidManifest.xml:26:5-97
17-->[androidx.core:core:1.9.0] AndroidManifest.xml:26:22-94
18
19    <application
19-->src\main\AndroidManifest.xml:5:5-37:19
20        android:name="com.jetcheck.MainApplication"
20-->src\main\AndroidManifest.xml:6:7-38
21        android:allowBackup="false"
21-->src\main\AndroidManifest.xml:10:7-34
22        android:appComponentFactory="androidx.core.app.CoreComponentFactory"
22-->[androidx.core:core:1.9.0] AndroidManifest.xml:28:18-86
23        android:extractNativeLibs="false"
24        android:icon="@mipmap/ic_launcher"
24-->src\main\AndroidManifest.xml:8:7-41
25        android:label="@string/app_name"
25-->src\main\AndroidManifest.xml:7:7-39
26        android:networkSecurityConfig="@xml/network_security_config"
26-->src\main\AndroidManifest.xml:12:7-67
27        android:roundIcon="@mipmap/ic_launcher_round"
27-->src\main\AndroidManifest.xml:9:7-52
28        android:theme="@style/AppTheme"
28-->src\main\AndroidManifest.xml:11:7-38
29        android:usesCleartextTraffic="true" >
29-->src\main\AndroidManifest.xml:13:7-42
30
31        <!-- SplashActivity 설정 -->
32        <activity
32-->src\main\AndroidManifest.xml:17:7-21:18
33            android:name="com.jetcheck.SplashActivity"
33-->src\main\AndroidManifest.xml:18:11-41
34            android:exported="true"
34-->src\main\AndroidManifest.xml:20:11-34
35            android:theme="@style/SplashScreen" >
35-->src\main\AndroidManifest.xml:19:11-46
36        </activity>
37
38        <!-- MainActivity 설정 -->
39        <activity
39-->src\main\AndroidManifest.xml:24:7-35:18
40            android:name="com.jetcheck.MainActivity"
40-->src\main\AndroidManifest.xml:25:9-37
41            android:configChanges="keyboard|keyboardHidden|orientation|screenLayout|screenSize|smallestScreenSize|uiMode"
41-->src\main\AndroidManifest.xml:27:9-118
42            android:exported="true"
42-->src\main\AndroidManifest.xml:30:9-32
43            android:label="@string/app_name"
43-->src\main\AndroidManifest.xml:26:9-41
44            android:launchMode="singleTask"
44-->src\main\AndroidManifest.xml:28:9-40
45            android:windowSoftInputMode="adjustPan" >
45-->src\main\AndroidManifest.xml:29:9-48
46            <intent-filter>
46-->src\main\AndroidManifest.xml:31:11-34:27
47                <action android:name="android.intent.action.MAIN" />
47-->src\main\AndroidManifest.xml:32:15-67
47-->src\main\AndroidManifest.xml:32:23-64
48
49                <category android:name="android.intent.category.LAUNCHER" />
49-->src\main\AndroidManifest.xml:33:15-75
49-->src\main\AndroidManifest.xml:33:25-72
50            </intent-filter>
51        </activity>
52
53        <provider
53-->[androidx.emoji2:emoji2:1.2.0] AndroidManifest.xml:24:9-32:20
54            android:name="androidx.startup.InitializationProvider"
54-->[androidx.emoji2:emoji2:1.2.0] AndroidManifest.xml:25:13-67
55            android:authorities="com.jetcheck.androidx-startup"
55-->[androidx.emoji2:emoji2:1.2.0] AndroidManifest.xml:26:13-68
56            android:exported="false" >
56-->[androidx.emoji2:emoji2:1.2.0] AndroidManifest.xml:27:13-37
57            <meta-data
57-->[androidx.emoji2:emoji2:1.2.0] AndroidManifest.xml:29:13-31:52
58                android:name="androidx.emoji2.text.EmojiCompatInitializer"
58-->[androidx.emoji2:emoji2:1.2.0] AndroidManifest.xml:30:17-75
59                android:value="androidx.startup" />
59-->[androidx.emoji2:emoji2:1.2.0] AndroidManifest.xml:31:17-49
60            <meta-data
60-->[androidx.lifecycle:lifecycle-process:2.4.1] AndroidManifest.xml:31:13-33:52
61                android:name="androidx.lifecycle.ProcessLifecycleInitializer"
61-->[androidx.lifecycle:lifecycle-process:2.4.1] AndroidManifest.xml:32:17-78
62                android:value="androidx.startup" />
62-->[androidx.lifecycle:lifecycle-process:2.4.1] AndroidManifest.xml:33:17-49
63        </provider>
64
65        <meta-data
65-->[com.facebook.soloader:soloader:0.10.5] AndroidManifest.xml:12:9-14:37
66            android:name="com.facebook.soloader.enabled"
66-->[com.facebook.soloader:soloader:0.10.5] AndroidManifest.xml:13:13-57
67            android:value="false" />
67-->[com.facebook.soloader:soloader:0.10.5] AndroidManifest.xml:14:13-34
68    </application>
69
70</manifest>